Change Component Designator: Old Designator=C113 New Designator=C?
Change Component Designator: Old Designator=C114 New Designator=C?
Change Component Designator: Old Designator=C115 New Designator=C?
Change Component Designator: Old Designator=C116 New Designator=C?
Change Component Designator: Old Designator=C117 New Designator=C?
Change Component Designator: Old Designator=C118 New Designator=C?
Change Component Designator: Old Designator=C119 New Designator=C?
Change Component Designator: Old Designator=C120 New Designator=C?
Change Component Designator: Old Designator=C121 New Designator=C?
Change Component Designator: Old Designator=C122 New Designator=C?
Change Component Designator: Old Designator=C123 New Designator=C?
Change Component Designator: Old Designator=C124 New Designator=C?
Change Component Designator: Old Designator=C125 New Designator=C?
Change Component Designator: Old Designator=C126 New Designator=C?
Change Component Designator: Old Designator=C127 New Designator=C?
Change Component Designator: Old Designator=FB1 New Designator=FB?
Change Component Designator: Old Designator=J2 New Designator=J?
Change Component Designator: Old Designator=R61 New Designator=R?
Change Component Designator: Old Designator=R62 New Designator=R?
Change Component Designator: Old Designator=R63 New Designator=R?
Change Component Designator: Old Designator=R64 New Designator=R?
Change Component Designator: Old Designator=R65 New Designator=R?
Change Component Designator: Old Designator=R66 New Designator=R?
Change Component Designator: Old Designator=R67 New Designator=R?
Change Component Designator: Old Designator=R68 New Designator=R?
Change Component Designator: Old Designator=R69 New Designator=R?
Change Component Designator: Old Designator=R70 New Designator=R?
Change Component Designator: Old Designator=R71 New Designator=R?
Change Component Designator: Old Designator=R72 New Designator=R?
Change Component Designator: Old Designator=R73 New Designator=R?
Change Component Designator: Old Designator=R74 New Designator=R?
Change Component Designator: Old Designator=R75 New Designator=R?
Change Component Designator: Old Designator=R76 New Designator=R?
Change Component Designator: Old Designator=R77 New Designator=R?
Change Component Designator: Old Designator=R78 New Designator=R?
Change Component Designator: Old Designator=R79 New Designator=R?
Change Component Designator: Old Designator=U13 New Designator=U?
Change Component Designator: Old Designator=U14 New Designator=U?
Change Component Designator: Old Designator=Y3 New Designator=Y?
