Change Component Comment : Designator=R6 Old Comment=54K New Comment=56K
Change Component Designator: OldDesignator=R6 NewDesignator=R7
Change Component Designator: OldDesignator=R7 NewDesignator=R8
Change Component Designator: OldDesignator=R8 NewDesignator=R9
Change Component Designator: OldDesignator=R9 NewDesignator=R11
Change Component Designator: OldDesignator=R10 NewDesignator=R12
Change Component Designator: OldDesignator=R11 NewDesignator=R13
Change Component Designator: OldDesignator=R12 NewDesignator=R14
Change Component Designator: OldDesignator=R13 NewDesignator=R15
Change Component Designator: OldDesignator=R14 NewDesignator=R16
Change Component Designator: OldDesignator=R15 NewDesignator=R17
Change Component Designator: OldDesignator=R16 NewDesignator=R18
Change Component Designator: OldDesignator=R17 NewDesignator=R19
Change Component Designator: OldDesignator=R18 NewDesignator=R20
Change Component Designator: OldDesignator=R19 NewDesignator=R21
Change Component Designator: OldDesignator=R20 NewDesignator=R22
Change Component Designator: OldDesignator=R21 NewDesignator=R23
Change Component Designator: OldDesignator=R22 NewDesignator=R24
Change Component Designator: OldDesignator=R23 NewDesignator=R25
Change Component Designator: OldDesignator=R24 NewDesignator=R26
Change Component Designator: OldDesignator=R25 NewDesignator=R27
Change Component Designator: OldDesignator=R26 NewDesignator=R28
Change Component Designator: OldDesignator=R27 NewDesignator=R29
Change Component Designator: OldDesignator=R28 NewDesignator=R30
Change Component Designator: OldDesignator=R29 NewDesignator=R31
Change Component Designator: OldDesignator=R30 NewDesignator=R32
Change Component Designator: OldDesignator=R31 NewDesignator=R33
Change Component Designator: OldDesignator=R32 NewDesignator=R34
Change Component Designator: OldDesignator=R33 NewDesignator=R35
Change Component Designator: OldDesignator=R34 NewDesignator=R36
Change Component Designator: OldDesignator=R35 NewDesignator=R37
Change Component Designator: OldDesignator=R36 NewDesignator=R38
Change Component Designator: OldDesignator=R37 NewDesignator=R39
Change Component Designator: OldDesignator=R38 NewDesignator=R40
Change Component Designator: OldDesignator=R39 NewDesignator=R41
Change Component Designator: OldDesignator=R40 NewDesignator=R42
Change Component Designator: OldDesignator=R41 NewDesignator=R43
Change Component Designator: OldDesignator=R42 NewDesignator=R44
Change Component Designator: OldDesignator=R43 NewDesignator=R45
Change Component Designator: OldDesignator=R44 NewDesignator=R46
Change Component Designator: OldDesignator=R45 NewDesignator=R47
Change Component Designator: OldDesignator=R46 NewDesignator=R48
Change Component Designator: OldDesignator=R47 NewDesignator=R49
Change Component Designator: OldDesignator=R48 NewDesignator=R50
Change Component Designator: OldDesignator=R49 NewDesignator=R51
Change Component Designator: OldDesignator=R50 NewDesignator=R52
Change Component Designator: OldDesignator=R51 NewDesignator=R53
Change Component Designator: OldDesignator=R52 NewDesignator=R54
Change Component Designator: OldDesignator=R53 NewDesignator=R55
Change Component Designator: OldDesignator=R54 NewDesignator=R56
Change Component Designator: OldDesignator=R55 NewDesignator=R57
Change Component Designator: OldDesignator=R56 NewDesignator=R58
Change Component Designator: OldDesignator=R57 NewDesignator=R59
Change Component Designator: OldDesignator=R58 NewDesignator=R60
Change Component Designator: OldDesignator=R59 NewDesignator=R61
Change Component Designator: OldDesignator=R60 NewDesignator=R62
Change Component Designator: OldDesignator=R61 NewDesignator=R63
Change Component Designator: OldDesignator=R62 NewDesignator=R64
Change Component Designator: OldDesignator=R63 NewDesignator=R65
Change Component Designator: OldDesignator=R64 NewDesignator=R66
Change Component Designator: OldDesignator=R65 NewDesignator=R67
Change Component Designator: OldDesignator=R66 NewDesignator=R68
Change Component Designator: OldDesignator=R67 NewDesignator=R69
Change Component Designator: OldDesignator=R68 NewDesignator=R70
Change Component Designator: OldDesignator=R69 NewDesignator=R71
Change Component Designator: OldDesignator=R70 NewDesignator=R72
Change Component Designator: OldDesignator=R71 NewDesignator=R73
Change Component Designator: OldDesignator=R72 NewDesignator=R74
Change Component Designator: OldDesignator=R73 NewDesignator=R75
Change Component Designator: OldDesignator=R74 NewDesignator=R76
Change Component Designator: OldDesignator=R75 NewDesignator=R77
Change Component Designator: OldDesignator=R76 NewDesignator=R78
Change Component Designator: OldDesignator=R77 NewDesignator=R79
Change Component Designator: OldDesignator=R78 NewDesignator=R80
Change Component Designator: OldDesignator=R79 NewDesignator=R81
Change Component Designator: OldDesignator=R80 NewDesignator=R82
Change Component Designator: OldDesignator=R81 NewDesignator=R83
Change Component Designator: OldDesignator=R82 NewDesignator=R84
Change Component Designator: OldDesignator=R83 NewDesignator=R85
Change Component Designator: OldDesignator=R84 NewDesignator=R86
Change Component Designator: OldDesignator=R85 NewDesignator=R87
Change Component Designator: OldDesignator=R86 NewDesignator=R88
Change Component Designator: OldDesignator=R87 NewDesignator=R89
Change Component Designator: OldDesignator=R88 NewDesignator=R90
Change Component Designator: OldDesignator=R89 NewDesignator=R91
Change Component Designator: OldDesignator=R90 NewDesignator=R92
Change Component Designator: OldDesignator=R91 NewDesignator=R93
Change Component Designator: OldDesignator=R92 NewDesignator=R94
Change Component Designator: OldDesignator=R93 NewDesignator=R95
Change Component Designator: OldDesignator=R94 NewDesignator=R96
Change Component Designator: OldDesignator=R95 NewDesignator=R97
Change Component Designator: OldDesignator=R96 NewDesignator=R98
Change Component Designator: OldDesignator=R97 NewDesignator=R99
Change Component Designator: OldDesignator=R98 NewDesignator=R100
Change Component Designator: OldDesignator=R99 NewDesignator=R101
Change Component Designator: OldDesignator=R100 NewDesignator=R102
Change Component Designator: OldDesignator=R101 NewDesignator=R103
Change Component Designator: OldDesignator=R102 NewDesignator=R104
Change Component Designator: OldDesignator=R103 NewDesignator=R105
Change Component Designator: OldDesignator=R104 NewDesignator=R106
Change Component Designator: OldDesignator=R105 NewDesignator=R107
Change Component Designator: OldDesignator=R106 NewDesignator=R108
Change Component Designator: OldDesignator=R107 NewDesignator=R109
Change Component Designator: OldDesignator=R108 NewDesignator=R110
Change Component Designator: OldDesignator=R109 NewDesignator=R111
Change Component Designator: OldDesignator=R110 NewDesignator=R112
Change Component Designator: OldDesignator=R111 NewDesignator=R113
Change Component Designator: OldDesignator=R112 NewDesignator=R114
Change Component Designator: OldDesignator=R113 NewDesignator=R115
Change Component Designator: OldDesignator=R114 NewDesignator=R116
Change Component Designator: OldDesignator=R115 NewDesignator=R117
Change Component Designator: OldDesignator=R116 NewDesignator=R118
Change Component Designator: OldDesignator=R117 NewDesignator=R119
Change Component Designator: OldDesignator=R118 NewDesignator=R120
Change Component Designator: OldDesignator=R119 NewDesignator=R121
Change Component Designator: OldDesignator=R120 NewDesignator=R122
Change Component Designator: OldDesignator=R121 NewDesignator=R123
Change Component Designator: OldDesignator=R122 NewDesignator=R124
Change Component Designator: OldDesignator=R123 NewDesignator=R125
Change Component Designator: OldDesignator=R124 NewDesignator=R126
Change Component Designator: OldDesignator=R125 NewDesignator=R127
Change Component Designator: OldDesignator=R126 NewDesignator=R128
Change Component Designator: OldDesignator=R127 NewDesignator=R129
Change Component Designator: OldDesignator=R128 NewDesignator=R130
Change Component Designator: OldDesignator=R129 NewDesignator=R131
Change Component Designator: OldDesignator=R130 NewDesignator=R132
Change Component Designator: OldDesignator=R131 NewDesignator=R133
Change Component Designator: OldDesignator=R132 NewDesignator=R134
Change Component Designator: OldDesignator=R133 NewDesignator=R135
Change Component Designator: OldDesignator=R134 NewDesignator=R136
Change Component Designator: OldDesignator=R135 NewDesignator=R137
Change Component Designator: OldDesignator=R136 NewDesignator=R138
Change Component Designator: OldDesignator=R137 NewDesignator=R139
Change Component Designator: OldDesignator=R138 NewDesignator=R140
Change Component Designator: OldDesignator=R139 NewDesignator=R141
Change Component Designator: OldDesignator=R140 NewDesignator=R142
Change Component Designator: OldDesignator=R141 NewDesignator=R143
Change Component Designator: OldDesignator=R142 NewDesignator=R144
Change Component Designator: OldDesignator=R143 NewDesignator=R145
Change Component Designator: OldDesignator=R144 NewDesignator=R146
Change Component Designator: OldDesignator=R145 NewDesignator=R147
Change Component Designator: OldDesignator=R146 NewDesignator=R148
Change Component Designator: OldDesignator=R147 NewDesignator=R149
Change Component Designator: OldDesignator=R148 NewDesignator=R150
Change Component Designator: OldDesignator=R149 NewDesignator=R151
Change Component Designator: OldDesignator=R150 NewDesignator=R152
Change Component Designator: OldDesignator=R151 NewDesignator=R153
Change Component Designator: OldDesignator=R152 NewDesignator=R154
Change Component Designator: OldDesignator=R153 NewDesignator=R155
Change Component Designator: OldDesignator=R154 NewDesignator=R156
Change Component Designator: OldDesignator=R155 NewDesignator=R157
Change Component Designator: OldDesignator=R156 NewDesignator=R158
Change Component Designator: OldDesignator=R157 NewDesignator=R159
Change Component Designator: OldDesignator=R158 NewDesignator=R160
Change Component Designator: OldDesignator=R159 NewDesignator=R161
Change Component Designator: OldDesignator=R160 NewDesignator=R162
Change Component Designator: OldDesignator=R161 NewDesignator=R163
Change Component Designator: OldDesignator=R162 NewDesignator=R164
Change Component Designator: OldDesignator=R163 NewDesignator=R165
Change Component Designator: OldDesignator=R164 NewDesignator=R166
Change Component Designator: OldDesignator=R165 NewDesignator=R167
Change Component Designator: OldDesignator=R166 NewDesignator=R168
Added Component: Designator=R6(R_0603)
Added Component: Designator=R10(R_0603)
Added Pin To Net: NetName=GND Pin=R6-1
Added Pin To Net: NetName=LDO_3V3 Pin=R6-2
Added Pin To Net: NetName=GND Pin=R10-1
Added Pin To Net: NetName=LDO_3V3 Pin=R10-2
Add Class: Class already exists: Designator
Add Class: Class already exists: Designator
Add Class: Class already exists: Designator
Add Class: Class already exists: Designator
Add Class: Class already exists: Designator
Add Class: Class already exists: Designator
Add Class: Class already exists: Designator
Add Class: Class already exists: Designator
Add Class: Class already exists: Designator
Add Class: Class already exists: Designator
Add Class: Class already exists: Designator
Add Class: Class already exists: Designator
Add Class: Class already exists: Designator
Add Class: Class already exists: Designator
Added Member To Class: ClassName=DDR3L Chip Member=Component U10 K4B4G1646E-BYMA
